<?xml version="1.0" encoding="UTF-8"?>
<coverage generated="1717495257681" clover="3.2.0">
  <project timestamp="1717495257681" name="All files">
    <metrics statements="128" coveredstatements="61" conditionals="58" coveredconditionals="18" methods="28" coveredmethods="17" elements="214" coveredelements="96" complexity="0" loc="128" ncloc="128" packages="1" files="2" classes="2"/>
    <file name="fx.js" path="/var/www/ai/fx/fx.js">
      <metrics statements="127" coveredstatements="60" conditionals="58" coveredconditionals="18" methods="28" coveredmethods="17"/>
      <line num="11" count="1" type="cond" truecount="1" falsecount="1"/>
      <line num="12" count="0" type="stmt"/>
      <line num="16" count="1" type="stmt"/>
      <line num="17" count="1" type="stmt"/>
      <line num="18" count="1" type="stmt"/>
      <line num="21" count="1" type="stmt"/>
      <line num="24" count="1" type="stmt"/>
      <line num="26" count="29" type="cond" truecount="2" falsecount="0"/>
      <line num="27" count="25" type="stmt"/>
      <line num="29" count="4" type="cond" truecount="2" falsecount="0"/>
      <line num="30" count="3" type="stmt"/>
      <line num="32" count="1" type="stmt"/>
      <line num="36" count="0" type="cond" truecount="0" falsecount="4"/>
      <line num="37" count="0" type="stmt"/>
      <line num="39" count="0" type="stmt"/>
      <line num="41" count="0" type="stmt"/>
      <line num="52" count="0" type="stmt"/>
      <line num="54" count="0" type="cond" truecount="0" falsecount="2"/>
      <line num="55" count="0" type="stmt"/>
      <line num="57" count="0" type="stmt"/>
      <line num="58" count="0" type="cond" truecount="0" falsecount="2"/>
      <line num="59" count="0" type="stmt"/>
      <line num="61" count="0" type="stmt"/>
      <line num="65" count="0" type="stmt"/>
      <line num="66" count="0" type="cond" truecount="0" falsecount="4"/>
      <line num="67" count="0" type="stmt"/>
      <line num="69" count="0" type="stmt"/>
      <line num="71" count="0" type="stmt"/>
      <line num="81" count="2" type="stmt"/>
      <line num="82" count="1" type="stmt"/>
      <line num="83" count="1" type="stmt"/>
      <line num="92" count="2" type="stmt"/>
      <line num="93" count="0" type="stmt"/>
      <line num="94" count="0" type="stmt"/>
      <line num="96" count="0" type="stmt"/>
      <line num="97" count="0" type="stmt"/>
      <line num="106" count="7" type="stmt"/>
      <line num="107" count="7" type="stmt"/>
      <line num="109" count="7" type="stmt"/>
      <line num="110" count="0" type="stmt"/>
      <line num="111" count="0" type="cond" truecount="0" falsecount="2"/>
      <line num="112" count="0" type="stmt"/>
      <line num="118" count="7" type="stmt"/>
      <line num="119" count="0" type="stmt"/>
      <line num="122" count="7" type="stmt"/>
      <line num="123" count="0" type="stmt"/>
      <line num="134" count="3" type="cond" truecount="2" falsecount="0"/>
      <line num="135" count="1" type="stmt"/>
      <line num="136" count="1" type="cond" truecount="1" falsecount="1"/>
      <line num="137" count="0" type="stmt"/>
      <line num="138" count="0" type="stmt"/>
      <line num="145" count="1" type="stmt"/>
      <line num="146" count="1" type="stmt"/>
      <line num="148" count="1" type="stmt"/>
      <line num="150" count="3" type="stmt"/>
      <line num="151" count="0" type="cond" truecount="0" falsecount="4"/>
      <line num="152" count="0" type="stmt"/>
      <line num="154" count="0" type="stmt"/>
      <line num="155" count="0" type="stmt"/>
      <line num="161" count="1" type="stmt"/>
      <line num="163" count="2" type="stmt"/>
      <line num="175" count="2" type="stmt"/>
      <line num="176" count="2" type="stmt"/>
      <line num="178" count="0" type="cond" truecount="0" falsecount="2"/>
      <line num="179" count="0" type="stmt"/>
      <line num="181" count="0" type="stmt"/>
      <line num="184" count="0" type="stmt"/>
      <line num="185" count="0" type="cond" truecount="0" falsecount="4"/>
      <line num="187" count="0" type="stmt"/>
      <line num="191" count="0" type="stmt"/>
      <line num="195" count="0" type="stmt"/>
      <line num="199" count="0" type="stmt"/>
      <line num="200" count="0" type="stmt"/>
      <line num="203" count="0" type="stmt"/>
      <line num="204" count="0" type="stmt"/>
      <line num="215" count="1" type="stmt"/>
      <line num="216" count="1" type="cond" truecount="1" falsecount="1"/>
      <line num="217" count="0" type="stmt"/>
      <line num="219" count="1" type="stmt"/>
      <line num="220" count="1" type="stmt"/>
      <line num="221" count="0" type="stmt"/>
      <line num="230" count="1" type="stmt"/>
      <line num="239" count="2" type="stmt"/>
      <line num="242" count="2" type="stmt"/>
      <line num="243" count="2" type="stmt"/>
      <line num="253" count="3" type="stmt"/>
      <line num="254" count="0" type="stmt"/>
      <line num="255" count="0" type="stmt"/>
      <line num="257" count="0" type="stmt"/>
      <line num="269" count="2" type="stmt"/>
      <line num="270" count="0" type="stmt"/>
      <line num="271" count="0" type="stmt"/>
      <line num="272" count="0" type="stmt"/>
      <line num="273" count="0" type="stmt"/>
      <line num="275" count="0" type="stmt"/>
      <line num="276" count="0" type="cond" truecount="0" falsecount="2"/>
      <line num="277" count="0" type="stmt"/>
      <line num="279" count="0" type="stmt"/>
      <line num="283" count="0" type="stmt"/>
      <line num="284" count="0" type="stmt"/>
      <line num="295" count="2" type="stmt"/>
      <line num="296" count="2" type="stmt"/>
      <line num="298" count="2" type="stmt"/>
      <line num="299" count="1" type="stmt"/>
      <line num="300" count="1" type="cond" truecount="1" falsecount="1"/>
      <line num="301" count="1" type="stmt"/>
      <line num="303" count="1" type="stmt"/>
      <line num="306" count="2" type="stmt"/>
      <line num="316" count="1" type="stmt"/>
      <line num="317" count="1" type="stmt"/>
      <line num="319" count="1" type="stmt"/>
      <line num="320" count="2" type="cond" truecount="1" falsecount="1"/>
      <line num="321" count="0" type="stmt"/>
      <line num="323" count="2" type="stmt"/>
      <line num="326" count="1" type="stmt"/>
      <line num="337" count="1" type="cond" truecount="1" falsecount="1"/>
      <line num="338" count="0" type="stmt"/>
      <line num="339" count="1" type="cond" truecount="1" falsecount="1"/>
      <line num="340" count="1" type="cond" truecount="3" falsecount="1"/>
      <line num="341" count="0" type="stmt"/>
      <line num="343" count="1" type="stmt"/>
      <line num="345" count="0" type="cond" truecount="0" falsecount="2"/>
      <line num="346" count="0" type="cond" truecount="0" falsecount="4"/>
      <line num="347" count="0" type="stmt"/>
      <line num="348" count="0" type="stmt"/>
      <line num="350" count="0" type="stmt"/>
      <line num="356" count="1" type="stmt"/>
    </file>
    <file name="manifest.js" path="/var/www/ai/fx/manifest.js">
      <metrics statements="1" coveredstatements="1" conditionals="0" coveredconditionals="0" methods="0" coveredmethods="0"/>
      <line num="2" count="1" type="stmt"/>
    </file>
  </project>
</coverage>
