{"/var/www/ai/fx/fx.js": {"path":"/var/www/ai/fx/fx.js","statementMap":{"0":{"start":{"line":11,"column":8},"end":{"line":13,"column":9}},"1":{"start":{"line":12,"column":12},"end":{"line":12,"column":31}},"2":{"start":{"line":16,"column":8},"end":{"line":16,"column":26}},"3":{"start":{"line":17,"column":8},"end":{"line":17,"column":24}},"4":{"start":{"line":18,"column":8},"end":{"line":18,"column":27}},"5":{"start":{"line":21,"column":8},"end":{"line":21,"column":38}},"6":{"start":{"line":24,"column":8},"end":{"line":43,"column":11}},"7":{"start":{"line":26,"column":16},"end":{"line":33,"column":17}},"8":{"start":{"line":27,"column":20},"end":{"line":27,"column":40}},"9":{"start":{"line":29,"column":20},"end":{"line":31,"column":21}},"10":{"start":{"line":30,"column":24},"end":{"line":30,"column":57}},"11":{"start":{"line":32,"column":20},"end":{"line":32,"column":37}},"12":{"start":{"line":36,"column":16},"end":{"line":40,"column":17}},"13":{"start":{"line":37,"column":20},"end":{"line":37,"column":84}},"14":{"start":{"line":39,"column":20},"end":{"line":39,"column":43}},"15":{"start":{"line":41,"column":16},"end":{"line":41,"column":28}},"16":{"start":{"line":52,"column":8},"end":{"line":73,"column":10}},"17":{"start":{"line":54,"column":16},"end":{"line":62,"column":17}},"18":{"start":{"line":55,"column":20},"end":{"line":55,"column":40}},"19":{"start":{"line":57,"column":37},"end":{"line":57,"column":54}},"20":{"start":{"line":58,"column":20},"end":{"line":60,"column":21}},"21":{"start":{"line":59,"column":24},"end":{"line":59,"column":61}},"22":{"start":{"line":61,"column":20},"end":{"line":61,"column":37}},"23":{"start":{"line":65,"column":33},"end":{"line":65,"column":50}},"24":{"start":{"line":66,"column":16},"end":{"line":70,"column":17}},"25":{"start":{"line":67,"column":20},"end":{"line":67,"column":88}},"26":{"start":{"line":69,"column":20},"end":{"line":69,"column":47}},"27":{"start":{"line":71,"column":16},"end":{"line":71,"column":28}},"28":{"start":{"line":81,"column":25},"end":{"line":81,"column":68}},"29":{"start":{"line":82,"column":35},"end":{"line":82,"column":56}},"30":{"start":{"line":83,"column":8},"end":{"line":83,"column":55}},"31":{"start":{"line":92,"column":19},"end":{"line":92,"column":38}},"32":{"start":{"line":93,"column":28},"end":{"line":93,"column":66}},"33":{"start":{"line":94,"column":22},"end":{"line":94,"column":56}},"34":{"start":{"line":96,"column":8},"end":{"line":98,"column":9}},"35":{"start":{"line":97,"column":12},"end":{"line":97,"column":37}},"36":{"start":{"line":106,"column":8},"end":{"line":125,"column":11}},"37":{"start":{"line":107,"column":28},"end":{"line":107,"column":53}},"38":{"start":{"line":109,"column":12},"end":{"line":116,"column":14}},"39":{"start":{"line":110,"column":27},"end":{"line":110,"column":46}},"40":{"start":{"line":111,"column":16},"end":{"line":115,"column":17}},"41":{"start":{"line":112,"column":20},"end":{"line":114,"column":23}},"42":{"start":{"line":118,"column":12},"end":{"line":120,"column":14}},"43":{"start":{"line":119,"column":16},"end":{"line":119,"column":45}},"44":{"start":{"line":122,"column":12},"end":{"line":124,"column":14}},"45":{"start":{"line":123,"column":16},"end":{"line":123,"column":43}},"46":{"start":{"line":134,"column":8},"end":{"line":162,"column":9}},"47":{"start":{"line":135,"column":31},"end":{"line":135,"column":51}},"48":{"start":{"line":136,"column":12},"end":{"line":139,"column":13}},"49":{"start":{"line":137,"column":16},"end":{"line":137,"column":77}},"50":{"start":{"line":138,"column":16},"end":{"line":138,"column":33}},"51":{"start":{"line":145,"column":16},"end":{"line":145,"column":26}},"52":{"start":{"line":146,"column":34},"end":{"line":146,"column":99}},"53":{"start":{"line":148,"column":12},"end":{"line":159,"column":15}},"54":{"start":{"line":150,"column":20},"end":{"line":157,"column":23}},"55":{"start":{"line":151,"column":24},"end":{"line":156,"column":25}},"56":{"start":{"line":152,"column":28},"end":{"line":152,"column":56}},"57":{"start":{"line":154,"column":28},"end":{"line":154,"column":104}},"58":{"start":{"line":155,"column":28},"end":{"line":155,"column":45}},"59":{"start":{"line":161,"column":12},"end":{"line":161,"column":44}},"60":{"start":{"line":163,"column":8},"end":{"line":163,"column":40}},"61":{"start":{"line":175,"column":8},"end":{"line":205,"column":9}},"62":{"start":{"line":176,"column":33},"end":{"line":176,"column":71}},"63":{"start":{"line":178,"column":12},"end":{"line":182,"column":13}},"64":{"start":{"line":179,"column":16},"end":{"line":179,"column":70}},"65":{"start":{"line":181,"column":16},"end":{"line":181,"column":76}},"66":{"start":{"line":184,"column":32},"end":{"line":184,"column":50}},"67":{"start":{"line":185,"column":12},"end":{"line":201,"column":13}},"68":{"start":{"line":187,"column":20},"end":{"line":189,"column":22}},"69":{"start":{"line":191,"column":20},"end":{"line":193,"column":22}},"70":{"start":{"line":195,"column":20},"end":{"line":197,"column":22}},"71":{"start":{"line":199,"column":20},"end":{"line":199,"column":70}},"72":{"start":{"line":200,"column":20},"end":{"line":200,"column":37}},"73":{"start":{"line":203,"column":12},"end":{"line":203,"column":72}},"74":{"start":{"line":204,"column":12},"end":{"line":204,"column":29}},"75":{"start":{"line":215,"column":25},"end":{"line":215,"column":42}},"76":{"start":{"line":216,"column":8},"end":{"line":218,"column":9}},"77":{"start":{"line":217,"column":12},"end":{"line":217,"column":67}},"78":{"start":{"line":219,"column":30},"end":{"line":219,"column":51}},"79":{"start":{"line":220,"column":8},"end":{"line":220,"column":58}},"80":{"start":{"line":221,"column":8},"end":{"line":221,"column":49}},"81":{"start":{"line":230,"column":8},"end":{"line":230,"column":49}},"82":{"start":{"line":239,"column":21},"end":{"line":241,"column":10}},"83":{"start":{"line":242,"column":20},"end":{"line":242,"column":45}},"84":{"start":{"line":243,"column":8},"end":{"line":243,"column":27}},"85":{"start":{"line":253,"column":19},"end":{"line":253,"column":38}},"86":{"start":{"line":254,"column":28},"end":{"line":254,"column":66}},"87":{"start":{"line":255,"column":22},"end":{"line":255,"column":56}},"88":{"start":{"line":257,"column":8},"end":{"line":260,"column":11}},"89":{"start":{"line":269,"column":19},"end":{"line":269,"column":38}},"90":{"start":{"line":270,"column":8},"end":{"line":286,"column":11}},"91":{"start":{"line":271,"column":32},"end":{"line":271,"column":69}},"92":{"start":{"line":272,"column":26},"end":{"line":272,"column":60}},"93":{"start":{"line":273,"column":28},"end":{"line":273,"column":49}},"94":{"start":{"line":275,"column":12},"end":{"line":281,"column":14}},"95":{"start":{"line":276,"column":16},"end":{"line":280,"column":17}},"96":{"start":{"line":277,"column":20},"end":{"line":277,"column":58}},"97":{"start":{"line":279,"column":20},"end":{"line":279,"column":34}},"98":{"start":{"line":283,"column":12},"end":{"line":285,"column":14}},"99":{"start":{"line":284,"column":16},"end":{"line":284,"column":38}},"100":{"start":{"line":295,"column":21},"end":{"line":295,"column":36}},"101":{"start":{"line":296,"column":18},"end":{"line":296,"column":28}},"102":{"start":{"line":298,"column":8},"end":{"line":304,"column":9}},"103":{"start":{"line":299,"column":24},"end":{"line":299,"column":36}},"104":{"start":{"line":300,"column":12},"end":{"line":302,"column":13}},"105":{"start":{"line":301,"column":16},"end":{"line":301,"column":30}},"106":{"start":{"line":303,"column":12},"end":{"line":303,"column":27}},"107":{"start":{"line":306,"column":8},"end":{"line":306,"column":29}},"108":{"start":{"line":316,"column":21},"end":{"line":316,"column":36}},"109":{"start":{"line":317,"column":18},"end":{"line":317,"column":28}},"110":{"start":{"line":319,"column":8},"end":{"line":324,"column":9}},"111":{"start":{"line":320,"column":12},"end":{"line":322,"column":13}},"112":{"start":{"line":321,"column":16},"end":{"line":321,"column":36}},"113":{"start":{"line":323,"column":12},"end":{"line":323,"column":27}},"114":{"start":{"line":326,"column":8},"end":{"line":326,"column":19}},"115":{"start":{"line":337,"column":8},"end":{"line":352,"column":9}},"116":{"start":{"line":338,"column":12},"end":{"line":338,"column":34}},"117":{"start":{"line":339,"column":15},"end":{"line":352,"column":9}},"118":{"start":{"line":340,"column":12},"end":{"line":344,"column":13}},"119":{"start":{"line":341,"column":16},"end":{"line":341,"column":52}},"120":{"start":{"line":343,"column":16},"end":{"line":343,"column":38}},"121":{"start":{"line":345,"column":15},"end":{"line":352,"column":9}},"122":{"start":{"line":346,"column":12},"end":{"line":351,"column":13}},"123":{"start":{"line":347,"column":38},"end":{"line":347,"column":66}},"124":{"start":{"line":348,"column":16},"end":{"line":348,"column":46}},"125":{"start":{"line":350,"column":16},"end":{"line":350,"column":38}},"126":{"start":{"line":356,"column":18},"end":{"line":356,"column":26}}},"fnMap":{"0":{"name":"(anonymous_0)","decl":{"start":{"line":10,"column":4},"end":{"line":10,"column":5}},"loc":{"start":{"line":10,"column":18},"end":{"line":44,"column":5}},"line":10},"1":{"name":"(anonymous_1)","decl":{"start":{"line":25,"column":17},"end":{"line":25,"column":18}},"loc":{"start":{"line":25,"column":35},"end":{"line":34,"column":13}},"line":25},"2":{"name":"(anonymous_2)","decl":{"start":{"line":35,"column":17},"end":{"line":35,"column":18}},"loc":{"start":{"line":35,"column":42},"end":{"line":42,"column":13}},"line":35},"3":{"name":"(anonymous_3)","decl":{"start":{"line":51,"column":4},"end":{"line":51,"column":5}},"loc":{"start":{"line":51,"column":30},"end":{"line":74,"column":5}},"line":51},"4":{"name":"(anonymous_4)","decl":{"start":{"line":53,"column":17},"end":{"line":53,"column":18}},"loc":{"start":{"line":53,"column":35},"end":{"line":63,"column":13}},"line":53},"5":{"name":"(anonymous_5)","decl":{"start":{"line":64,"column":17},"end":{"line":64,"column":18}},"loc":{"start":{"line":64,"column":42},"end":{"line":72,"column":13}},"line":64},"6":{"name":"(anonymous_6)","decl":{"start":{"line":80,"column":4},"end":{"line":80,"column":5}},"loc":{"start":{"line":80,"column":35},"end":{"line":84,"column":5}},"line":80},"7":{"name":"(anonymous_7)","decl":{"start":{"line":91,"column":4},"end":{"line":91,"column":5}},"loc":{"start":{"line":91,"column":46},"end":{"line":99,"column":5}},"line":91},"8":{"name":"(anonymous_8)","decl":{"start":{"line":105,"column":4},"end":{"line":105,"column":5}},"loc":{"start":{"line":105,"column":19},"end":{"line":126,"column":5}},"line":105},"9":{"name":"(anonymous_9)","decl":{"start":{"line":106,"column":27},"end":{"line":106,"column":28}},"loc":{"start":{"line":106,"column":48},"end":{"line":125,"column":9}},"line":106},"10":{"name":"(anonymous_10)","decl":{"start":{"line":109,"column":38},"end":{"line":109,"column":39}},"loc":{"start":{"line":109,"column":47},"end":{"line":116,"column":13}},"line":109},"11":{"name":"(anonymous_11)","decl":{"start":{"line":118,"column":32},"end":{"line":118,"column":33}},"loc":{"start":{"line":118,"column":41},"end":{"line":120,"column":13}},"line":118},"12":{"name":"(anonymous_12)","decl":{"start":{"line":122,"column":30},"end":{"line":122,"column":31}},"loc":{"start":{"line":122,"column":39},"end":{"line":124,"column":13}},"line":122},"13":{"name":"(anonymous_13)","decl":{"start":{"line":133,"column":4},"end":{"line":133,"column":5}},"loc":{"start":{"line":133,"column":31},"end":{"line":164,"column":5}},"line":133},"14":{"name":"(anonymous_14)","decl":{"start":{"line":149,"column":21},"end":{"line":149,"column":22}},"loc":{"start":{"line":149,"column":39},"end":{"line":158,"column":17}},"line":149},"15":{"name":"(anonymous_15)","decl":{"start":{"line":150,"column":46},"end":{"line":150,"column":47}},"loc":{"start":{"line":150,"column":64},"end":{"line":157,"column":21}},"line":150},"16":{"name":"(anonymous_16)","decl":{"start":{"line":174,"column":4},"end":{"line":174,"column":5}},"loc":{"start":{"line":174,"column":71},"end":{"line":206,"column":5}},"line":174},"17":{"name":"(anonymous_17)","decl":{"start":{"line":214,"column":4},"end":{"line":214,"column":5}},"loc":{"start":{"line":214,"column":50},"end":{"line":222,"column":5}},"line":214},"18":{"name":"(anonymous_18)","decl":{"start":{"line":229,"column":4},"end":{"line":229,"column":5}},"loc":{"start":{"line":229,"column":45},"end":{"line":231,"column":5}},"line":229},"19":{"name":"(anonymous_19)","decl":{"start":{"line":238,"column":4},"end":{"line":238,"column":5}},"loc":{"start":{"line":238,"column":33},"end":{"line":244,"column":5}},"line":238},"20":{"name":"(anonymous_20)","decl":{"start":{"line":252,"column":4},"end":{"line":252,"column":5}},"loc":{"start":{"line":252,"column":49},"end":{"line":261,"column":5}},"line":252},"21":{"name":"(anonymous_21)","decl":{"start":{"line":268,"column":4},"end":{"line":268,"column":5}},"loc":{"start":{"line":268,"column":38},"end":{"line":287,"column":5}},"line":268},"22":{"name":"(anonymous_22)","decl":{"start":{"line":270,"column":27},"end":{"line":270,"column":28}},"loc":{"start":{"line":270,"column":48},"end":{"line":286,"column":9}},"line":270},"23":{"name":"(anonymous_23)","decl":{"start":{"line":275,"column":32},"end":{"line":275,"column":33}},"loc":{"start":{"line":275,"column":38},"end":{"line":281,"column":13}},"line":275},"24":{"name":"(anonymous_24)","decl":{"start":{"line":283,"column":30},"end":{"line":283,"column":31}},"loc":{"start":{"line":283,"column":36},"end":{"line":285,"column":13}},"line":283},"25":{"name":"(anonymous_25)","decl":{"start":{"line":294,"column":4},"end":{"line":294,"column":5}},"loc":{"start":{"line":294,"column":21},"end":{"line":307,"column":5}},"line":294},"26":{"name":"(anonymous_26)","decl":{"start":{"line":315,"column":4},"end":{"line":315,"column":5}},"loc":{"start":{"line":315,"column":40},"end":{"line":327,"column":5}},"line":315},"27":{"name":"(anonymous_27)","decl":{"start":{"line":336,"column":4},"end":{"line":336,"column":5}},"loc":{"start":{"line":336,"column":48},"end":{"line":353,"column":5}},"line":336}},"branchMap":{"0":{"loc":{"start":{"line":11,"column":8},"end":{"line":13,"column":9}},"type":"if","locations":[{"start":{"line":11,"column":8},"end":{"line":13,"column":9}},{"start":{},"end":{}}],"line":11},"1":{"loc":{"start":{"line":26,"column":16},"end":{"line":33,"column":17}},"type":"if","locations":[{"start":{"line":26,"column":16},"end":{"line":33,"column":17}},{"start":{"line":28,"column":23},"end":{"line":33,"column":17}}],"line":26},"2":{"loc":{"start":{"line":29,"column":20},"end":{"line":31,"column":21}},"type":"if","locations":[{"start":{"line":29,"column":20},"end":{"line":31,"column":21}},{"start":{},"end":{}}],"line":29},"3":{"loc":{"start":{"line":36,"column":16},"end":{"line":40,"column":17}},"type":"if","locations":[{"start":{"line":36,"column":16},"end":{"line":40,"column":17}},{"start":{"line":38,"column":23},"end":{"line":40,"column":17}}],"line":36},"4":{"loc":{"start":{"line":36,"column":20},"end":{"line":36,"column":63}},"type":"binary-expr","locations":[{"start":{"line":36,"column":20},"end":{"line":36,"column":45}},{"start":{"line":36,"column":49},"end":{"line":36,"column":63}}],"line":36},"5":{"loc":{"start":{"line":54,"column":16},"end":{"line":62,"column":17}},"type":"if","locations":[{"start":{"line":54,"column":16},"end":{"line":62,"column":17}},{"start":{"line":56,"column":23},"end":{"line":62,"column":17}}],"line":54},"6":{"loc":{"start":{"line":58,"column":20},"end":{"line":60,"column":21}},"type":"if","locations":[{"start":{"line":58,"column":20},"end":{"line":60,"column":21}},{"start":{},"end":{}}],"line":58},"7":{"loc":{"start":{"line":66,"column":16},"end":{"line":70,"column":17}},"type":"if","locations":[{"start":{"line":66,"column":16},"end":{"line":70,"column":17}},{"start":{"line":68,"column":23},"end":{"line":70,"column":17}}],"line":66},"8":{"loc":{"start":{"line":66,"column":20},"end":{"line":66,"column":63}},"type":"binary-expr","locations":[{"start":{"line":66,"column":20},"end":{"line":66,"column":45}},{"start":{"line":66,"column":49},"end":{"line":66,"column":63}}],"line":66},"9":{"loc":{"start":{"line":111,"column":16},"end":{"line":115,"column":17}},"type":"if","locations":[{"start":{"line":111,"column":16},"end":{"line":115,"column":17}},{"start":{},"end":{}}],"line":111},"10":{"loc":{"start":{"line":134,"column":8},"end":{"line":162,"column":9}},"type":"if","locations":[{"start":{"line":134,"column":8},"end":{"line":162,"column":9}},{"start":{},"end":{}}],"line":134},"11":{"loc":{"start":{"line":136,"column":12},"end":{"line":139,"column":13}},"type":"if","locations":[{"start":{"line":136,"column":12},"end":{"line":139,"column":13}},{"start":{},"end":{}}],"line":136},"12":{"loc":{"start":{"line":151,"column":24},"end":{"line":156,"column":25}},"type":"if","locations":[{"start":{"line":151,"column":24},"end":{"line":156,"column":25}},{"start":{"line":153,"column":31},"end":{"line":156,"column":25}}],"line":151},"13":{"loc":{"start":{"line":151,"column":28},"end":{"line":151,"column":68}},"type":"binary-expr","locations":[{"start":{"line":151,"column":28},"end":{"line":151,"column":42}},{"start":{"line":151,"column":46},"end":{"line":151,"column":68}}],"line":151},"14":{"loc":{"start":{"line":178,"column":12},"end":{"line":182,"column":13}},"type":"if","locations":[{"start":{"line":178,"column":12},"end":{"line":182,"column":13}},{"start":{"line":180,"column":19},"end":{"line":182,"column":13}}],"line":178},"15":{"loc":{"start":{"line":185,"column":12},"end":{"line":201,"column":13}},"type":"switch","locations":[{"start":{"line":186,"column":16},"end":{"line":189,"column":22}},{"start":{"line":190,"column":16},"end":{"line":193,"column":22}},{"start":{"line":194,"column":16},"end":{"line":197,"column":22}},{"start":{"line":198,"column":16},"end":{"line":200,"column":37}}],"line":185},"16":{"loc":{"start":{"line":216,"column":8},"end":{"line":218,"column":9}},"type":"if","locations":[{"start":{"line":216,"column":8},"end":{"line":218,"column":9}},{"start":{},"end":{}}],"line":216},"17":{"loc":{"start":{"line":276,"column":16},"end":{"line":280,"column":17}},"type":"if","locations":[{"start":{"line":276,"column":16},"end":{"line":280,"column":17}},{"start":{"line":278,"column":23},"end":{"line":280,"column":17}}],"line":276},"18":{"loc":{"start":{"line":300,"column":12},"end":{"line":302,"column":13}},"type":"if","locations":[{"start":{"line":300,"column":12},"end":{"line":302,"column":13}},{"start":{},"end":{}}],"line":300},"19":{"loc":{"start":{"line":315,"column":14},"end":{"line":315,"column":38}},"type":"default-arg","locations":[{"start":{"line":315,"column":29},"end":{"line":315,"column":38}}],"line":315},"20":{"loc":{"start":{"line":320,"column":12},"end":{"line":322,"column":13}},"type":"if","locations":[{"start":{"line":320,"column":12},"end":{"line":322,"column":13}},{"start":{},"end":{}}],"line":320},"21":{"loc":{"start":{"line":336,"column":22},"end":{"line":336,"column":46}},"type":"default-arg","locations":[{"start":{"line":336,"column":37},"end":{"line":336,"column":46}}],"line":336},"22":{"loc":{"start":{"line":337,"column":8},"end":{"line":352,"column":9}},"type":"if","locations":[{"start":{"line":337,"column":8},"end":{"line":352,"column":9}},{"start":{"line":339,"column":15},"end":{"line":352,"column":9}}],"line":337},"23":{"loc":{"start":{"line":339,"column":15},"end":{"line":352,"column":9}},"type":"if","locations":[{"start":{"line":339,"column":15},"end":{"line":352,"column":9}},{"start":{"line":345,"column":15},"end":{"line":352,"column":9}}],"line":339},"24":{"loc":{"start":{"line":340,"column":12},"end":{"line":344,"column":13}},"type":"if","locations":[{"start":{"line":340,"column":12},"end":{"line":344,"column":13}},{"start":{"line":342,"column":19},"end":{"line":344,"column":13}}],"line":340},"25":{"loc":{"start":{"line":340,"column":16},"end":{"line":340,"column":53}},"type":"binary-expr","locations":[{"start":{"line":340,"column":16},"end":{"line":340,"column":30}},{"start":{"line":340,"column":34},"end":{"line":340,"column":53}}],"line":340},"26":{"loc":{"start":{"line":345,"column":15},"end":{"line":352,"column":9}},"type":"if","locations":[{"start":{"line":345,"column":15},"end":{"line":352,"column":9}},{"start":{},"end":{}}],"line":345},"27":{"loc":{"start":{"line":346,"column":12},"end":{"line":351,"column":13}},"type":"if","locations":[{"start":{"line":346,"column":12},"end":{"line":351,"column":13}},{"start":{"line":349,"column":19},"end":{"line":351,"column":13}}],"line":346},"28":{"loc":{"start":{"line":346,"column":16},"end":{"line":346,"column":53}},"type":"binary-expr","locations":[{"start":{"line":346,"column":16},"end":{"line":346,"column":30}},{"start":{"line":346,"column":34},"end":{"line":346,"column":53}}],"line":346}},"s":{"0":1,"1":0,"2":1,"3":1,"4":1,"5":1,"6":1,"7":29,"8":25,"9":4,"10":3,"11":1,"12":0,"13":0,"14":0,"15":0,"16":0,"17":0,"18":0,"19":0,"20":0,"21":0,"22":0,"23":0,"24":0,"25":0,"26":0,"27":0,"28":2,"29":1,"30":1,"31":2,"32":0,"33":0,"34":0,"35":0,"36":7,"37":7,"38":7,"39":0,"40":0,"41":0,"42":7,"43":0,"44":7,"45":0,"46":3,"47":1,"48":1,"49":0,"50":0,"51":1,"52":1,"53":1,"54":3,"55":0,"56":0,"57":0,"58":0,"59":1,"60":2,"61":2,"62":2,"63":0,"64":0,"65":0,"66":0,"67":0,"68":0,"69":0,"70":0,"71":0,"72":0,"73":0,"74":0,"75":1,"76":1,"77":0,"78":1,"79":1,"80":0,"81":1,"82":2,"83":2,"84":2,"85":3,"86":0,"87":0,"88":0,"89":2,"90":0,"91":0,"92":0,"93":0,"94":0,"95":0,"96":0,"97":0,"98":0,"99":0,"100":2,"101":2,"102":2,"103":1,"104":1,"105":1,"106":1,"107":2,"108":1,"109":1,"110":1,"111":2,"112":0,"113":2,"114":1,"115":1,"116":0,"117":1,"118":1,"119":0,"120":1,"121":0,"122":0,"123":0,"124":0,"125":0,"126":1},"f":{"0":1,"1":29,"2":0,"3":0,"4":0,"5":0,"6":2,"7":2,"8":7,"9":7,"10":0,"11":0,"12":0,"13":3,"14":3,"15":0,"16":2,"17":1,"18":1,"19":2,"20":3,"21":2,"22":0,"23":0,"24":0,"25":2,"26":1,"27":1},"b":{"0":[0,1],"1":[25,4],"2":[3,1],"3":[0,0],"4":[0,0],"5":[0,0],"6":[0,0],"7":[0,0],"8":[0,0],"9":[0,0],"10":[1,2],"11":[0,1],"12":[0,0],"13":[0,0],"14":[0,0],"15":[0,0,0,0],"16":[0,1],"17":[0,0],"18":[1,0],"19":[1],"20":[0,2],"21":[1],"22":[0,1],"23":[1,0],"24":[0,1],"25":[1,1],"26":[0,0],"27":[0,0],"28":[0,0]},"_coverageSchema":"1a1c01bbd47fc00a2c39e90264f33305004495a9","hash":"0667a7185a47cbb573e0642e63d30d8ee8222003"}
,"/var/www/ai/fx/manifest.js": {"path":"/var/www/ai/fx/manifest.js","statementMap":{"0":{"start":{"line":2,"column":24},"end":{"line":26,"column":1}}},"fnMap":{},"branchMap":{},"s":{"0":1},"f":{},"b":{},"_coverageSchema":"1a1c01bbd47fc00a2c39e90264f33305004495a9","hash":"b2dfe2fd9a4d871efde9dd0325daec5c2ff76211"}
}
