TN:
SF:fx.js
FN:10,(anonymous_0)
FN:25,(anonymous_1)
FN:35,(anonymous_2)
FN:51,(anonymous_3)
FN:53,(anonymous_4)
FN:64,(anonymous_5)
FN:80,(anonymous_6)
FN:91,(anonymous_7)
FN:105,(anonymous_8)
FN:106,(anonymous_9)
FN:109,(anonymous_10)
FN:118,(anonymous_11)
FN:122,(anonymous_12)
FN:133,(anonymous_13)
FN:149,(anonymous_14)
FN:150,(anonymous_15)
FN:174,(anonymous_16)
FN:214,(anonymous_17)
FN:229,(anonymous_18)
FN:238,(anonymous_19)
FN:252,(anonymous_20)
FN:268,(anonymous_21)
FN:270,(anonymous_22)
FN:275,(anonymous_23)
FN:283,(anonymous_24)
FN:294,(anonymous_25)
FN:315,(anonymous_26)
FN:336,(anonymous_27)
FNF:28
FNH:17
FNDA:1,(anonymous_0)
FNDA:29,(anonymous_1)
FNDA:0,(anonymous_2)
FNDA:0,(anonymous_3)
FNDA:0,(anonymous_4)
FNDA:0,(anonymous_5)
FNDA:2,(anonymous_6)
FNDA:2,(anonymous_7)
FNDA:7,(anonymous_8)
FNDA:7,(anonymous_9)
FNDA:0,(anonymous_10)
FNDA:0,(anonymous_11)
FNDA:0,(anonymous_12)
FNDA:3,(anonymous_13)
FNDA:3,(anonymous_14)
FNDA:0,(anonymous_15)
FNDA:2,(anonymous_16)
FNDA:1,(anonymous_17)
FNDA:1,(anonymous_18)
FNDA:2,(anonymous_19)
FNDA:3,(anonymous_20)
FNDA:2,(anonymous_21)
FNDA:0,(anonymous_22)
FNDA:0,(anonymous_23)
FNDA:0,(anonymous_24)
FNDA:2,(anonymous_25)
FNDA:1,(anonymous_26)
FNDA:1,(anonymous_27)
DA:11,1
DA:12,0
DA:16,1
DA:17,1
DA:18,1
DA:21,1
DA:24,1
DA:26,29
DA:27,25
DA:29,4
DA:30,3
DA:32,1
DA:36,0
DA:37,0
DA:39,0
DA:41,0
DA:52,0
DA:54,0
DA:55,0
DA:57,0
DA:58,0
DA:59,0
DA:61,0
DA:65,0
DA:66,0
DA:67,0
DA:69,0
DA:71,0
DA:81,2
DA:82,1
DA:83,1
DA:92,2
DA:93,0
DA:94,0
DA:96,0
DA:97,0
DA:106,7
DA:107,7
DA:109,7
DA:110,0
DA:111,0
DA:112,0
DA:118,7
DA:119,0
DA:122,7
DA:123,0
DA:134,3
DA:135,1
DA:136,1
DA:137,0
DA:138,0
DA:145,1
DA:146,1
DA:148,1
DA:150,3
DA:151,0
DA:152,0
DA:154,0
DA:155,0
DA:161,1
DA:163,2
DA:175,2
DA:176,2
DA:178,0
DA:179,0
DA:181,0
DA:184,0
DA:185,0
DA:187,0
DA:191,0
DA:195,0
DA:199,0
DA:200,0
DA:203,0
DA:204,0
DA:215,1
DA:216,1
DA:217,0
DA:219,1
DA:220,1
DA:221,0
DA:230,1
DA:239,2
DA:242,2
DA:243,2
DA:253,3
DA:254,0
DA:255,0
DA:257,0
DA:269,2
DA:270,0
DA:271,0
DA:272,0
DA:273,0
DA:275,0
DA:276,0
DA:277,0
DA:279,0
DA:283,0
DA:284,0
DA:295,2
DA:296,2
DA:298,2
DA:299,1
DA:300,1
DA:301,1
DA:303,1
DA:306,2
DA:316,1
DA:317,1
DA:319,1
DA:320,2
DA:321,0
DA:323,2
DA:326,1
DA:337,1
DA:338,0
DA:339,1
DA:340,1
DA:341,0
DA:343,1
DA:345,0
DA:346,0
DA:347,0
DA:348,0
DA:350,0
DA:356,1
LF:127
LH:60
BRDA:11,0,0,0
BRDA:11,0,1,1
BRDA:26,1,0,25
BRDA:26,1,1,4
BRDA:29,2,0,3
BRDA:29,2,1,1
BRDA:36,3,0,0
BRDA:36,3,1,0
BRDA:36,4,0,0
BRDA:36,4,1,0
BRDA:54,5,0,0
BRDA:54,5,1,0
BRDA:58,6,0,0
BRDA:58,6,1,0
BRDA:66,7,0,0
BRDA:66,7,1,0
BRDA:66,8,0,0
BRDA:66,8,1,0
BRDA:111,9,0,0
BRDA:111,9,1,0
BRDA:134,10,0,1
BRDA:134,10,1,2
BRDA:136,11,0,0
BRDA:136,11,1,1
BRDA:151,12,0,0
BRDA:151,12,1,0
BRDA:151,13,0,0
BRDA:151,13,1,0
BRDA:178,14,0,0
BRDA:178,14,1,0
BRDA:185,15,0,0
BRDA:185,15,1,0
BRDA:185,15,2,0
BRDA:185,15,3,0
BRDA:216,16,0,0
BRDA:216,16,1,1
BRDA:276,17,0,0
BRDA:276,17,1,0
BRDA:300,18,0,1
BRDA:300,18,1,0
BRDA:315,19,0,1
BRDA:320,20,0,0
BRDA:320,20,1,2
BRDA:336,21,0,1
BRDA:337,22,0,0
BRDA:337,22,1,1
BRDA:339,23,0,1
BRDA:339,23,1,0
BRDA:340,24,0,0
BRDA:340,24,1,1
BRDA:340,25,0,1
BRDA:340,25,1,1
BRDA:345,26,0,0
BRDA:345,26,1,0
BRDA:346,27,0,0
BRDA:346,27,1,0
BRDA:346,28,0,0
BRDA:346,28,1,0
BRF:58
BRH:18
end_of_record
TN:
SF:manifest.js
FNF:0
FNH:0
DA:2,1
LF:1
LH:1
BRF:0
BRH:0
end_of_record
